
[2025-02-25T17:19:03.825Z] Error: ENOENT: no such file or directory, open 'C:\node.js-main\Apps\NodeJs-Complete-Guide\images\2025-02-25T17:19:03.818Z-01.jpg'
Stack: Error: ENOENT: no such file or directory, open 'C:\node.js-main\Apps\NodeJs-Complete-Guide\images\2025-02-25T17:19:03.818Z-01.jpg'

[2025-02-25T17:37:27.820Z] Error: ENOENT: no such file or directory, open 'C:\node.js-main\Apps\NodeJs-Complete-Guide\images\2025-02-25T17:37:27.810Z-01.jpg'
Stack: Error: ENOENT: no such file or directory, open 'C:\node.js-main\Apps\NodeJs-Complete-Guide\images\2025-02-25T17:37:27.810Z-01.jpg'

[2025-02-25T17:39:22.872Z] Error: ENOENT: no such file or directory, open 'C:\node.js-main\Apps\NodeJs-Complete-Guide\images\2025-02-25T17:39:22.868Z-01.jpg'
Stack: Error: ENOENT: no such file or directory, open 'C:\node.js-main\Apps\NodeJs-Complete-Guide\images\2025-02-25T17:39:22.868Z-01.jpg'

[2025-02-25T17:42:12.944Z] Error: ENOENT: no such file or directory, open 'C:\uploads\2025-02-25T17:42:12.937Z-01.jpg'
Stack: Error: ENOENT: no such file or directory, open 'C:\uploads\2025-02-25T17:42:12.937Z-01.jpg'

[2025-02-25T17:44:27.599Z] Error: ENOENT: no such file or directory, open 'C:\uploads\2025-02-25T17:44:27.588Z-1467.jpg'
Stack: Error: ENOENT: no such file or directory, open 'C:\uploads\2025-02-25T17:44:27.588Z-1467.jpg'

[2025-02-25T17:50:42.486Z] Error: ENOENT: no such file or directory, open 'C:\test\2025-02-25T17:50:42.480Z-1467.jpg'
Stack: Error: ENOENT: no such file or directory, open 'C:\test\2025-02-25T17:50:42.480Z-1467.jpg'

[2025-02-25T17:51:54.081Z] Error: ENOENT: no such file or directory, open 'C:\test\2025-02-25T17:51:54.079Z-1467.jpg'
Stack: Error: ENOENT: no such file or directory, open 'C:\test\2025-02-25T17:51:54.079Z-1467.jpg'

[2025-02-25T17:56:22.200Z] Error: ENOENT: no such file or directory, open 'C:\uploads\2025-02-25T17:56:22.196Z-01.jpg'
Stack: Error: ENOENT: no such file or directory, open 'C:\uploads\2025-02-25T17:56:22.196Z-01.jpg'

[2025-02-25T17:57:22.827Z] Error: ENOENT: no such file or directory, open 'C:\test\2025-02-25T17:57:22.824Z-1467.jpg'
Stack: Error: ENOENT: no such file or directory, open 'C:\test\2025-02-25T17:57:22.824Z-1467.jpg'

[2025-02-25T17:59:25.860Z] Error: ENOENT: no such file or directory, open 'C:\test\2025-02-25T17:59:25.855Z-01.jpg'
Stack: Error: ENOENT: no such file or directory, open 'C:\test\2025-02-25T17:59:25.855Z-01.jpg'

[2025-02-25T18:03:39.178Z] Error: ENOENT: no such file or directory, open 'C:\test\2025-02-25T18:03:39.176Z-01.jpg'
Stack: Error: ENOENT: no such file or directory, open 'C:\test\2025-02-25T18:03:39.176Z-01.jpg'

[2025-02-25T18:06:48.485Z] Error: ENOENT: no such file or directory, open 'C:\test\2025-02-25T18:06:48.483Z-01.jpg'
Stack: Error: ENOENT: no such file or directory, open 'C:\test\2025-02-25T18:06:48.483Z-01.jpg'

[2025-02-25T18:10:35.531Z] Error: ENOENT: no such file or directory, open 'C:\test\2025-02-25T18:10:35.530Z-01.jpg'
Stack: Error: ENOENT: no such file or directory, open 'C:\test\2025-02-25T18:10:35.530Z-01.jpg'

[2025-02-25T18:13:02.476Z] Error: ENOENT: no such file or directory, open 'C:\test\2025-02-25T18:13:02.473Z-01.jpg'
Stack: Error: ENOENT: no such file or directory, open 'C:\test\2025-02-25T18:13:02.473Z-01.jpg'

[2025-02-25T18:38:32.435Z] Error: ENOENT: no such file or directory, open 'C:\node.js-main\Apps\NodeJs-Complete-Guide\images\2025-02-25T18-38-32.432Z-1111.jpeg'
Stack: Error: ENOENT: no such file or directory, open 'C:\node.js-main\Apps\NodeJs-Complete-Guide\images\2025-02-25T18-38-32.432Z-1111.jpeg'
